\BOOKMARK [1][-]{section.I}{Abk\374rzungsverzeichnis}{}% 1
\BOOKMARK [1][-]{section.1}{Einleitung}{}% 2
\BOOKMARK [2][-]{subsection.1.1}{Motivation}{section.1}% 3
\BOOKMARK [2][-]{subsection.1.2}{Ueberblick}{section.1}% 4
\BOOKMARK [1][-]{section.2}{Architektur}{}% 5
\BOOKMARK [2][-]{subsection.2.1}{UML-Diagramm}{section.2}% 6
\BOOKMARK [1][-]{section.3}{Brettspiel KI Algorithmus}{}% 7
\BOOKMARK [1][-]{section.4}{Imlementierung}{}% 8
\BOOKMARK [2][-]{subsection.4.1}{Mobile Anbindung}{section.4}% 9
\BOOKMARK [3][-]{subsubsection.4.1.1}{Auswahl der Verbindungsm\366glichkeiten}{subsection.4.1}% 10
\BOOKMARK [2][-]{subsection.4.2}{Brettspiel KI}{section.4}% 11
\BOOKMARK [1][-]{section.5}{Fazit und Ausblick}{}% 12
\BOOKMARK [1][-]{section.6}{LaTeX-Elemente}{}% 13
\BOOKMARK [2][-]{subsection.6.1}{LaTeX-Distributionen nach Betriebssystemen}{section.6}% 14
\BOOKMARK [3][-]{subsubsection.6.1.1}{LaTeX-Distributionen}{subsection.6.1}% 15
\BOOKMARK [3][-]{subsubsection.6.1.2}{LaTeX-Editoren}{subsection.6.1}% 16
\BOOKMARK [2][-]{subsection.6.2}{Bilder}{section.6}% 17
\BOOKMARK [2][-]{subsection.6.3}{Tabellen}{section.6}% 18
\BOOKMARK [2][-]{subsection.6.4}{Auflistung}{section.6}% 19
\BOOKMARK [2][-]{subsection.6.5}{Listings}{section.6}% 20
\BOOKMARK [2][-]{subsection.6.6}{Selbstgestaltete Abbildungen}{section.6}% 21
\BOOKMARK [2][-]{subsection.6.7}{Tipps}{section.6}% 22
\BOOKMARK [1][-]{section*.4}{Anhang}{}% 23
\BOOKMARK [1][-]{appendix.A}{Dom\344ndenmodell}{}% 24
